<?xml version="1.0" encoding="UTF-8"?>
<testng-results ignored="0" total="2" passed="2" failed="0" skipped="0">
  <reporter-output>
  </reporter-output>
  <suite started-at="2023-04-09T16:11:46 BDT" name="Default suite" finished-at="2023-04-09T16:12:27 BDT" duration-ms="41433">
    <groups>
    </groups>
    <test started-at="2023-04-09T16:11:46 BDT" name="Default test" finished-at="2023-04-09T16:12:27 BDT" duration-ms="41433">
      <class name="orangehrm_saf.TestNG_Test">
        <test-method signature="TestCase_1_SearchUserWithPartialTextMatch()[pri:0, instance:orangehrm_saf.TestNG_Test@942a29c]" started-at="2023-04-09T16:11:46 BDT" name="TestCase_1_SearchUserWithPartialTextMatch" finished-at="2023-04-09T16:12:04 BDT" duration-ms="17953" status="PASS">
          <reporter-output>
          </reporter-output>
        </test-method> <!-- TestCase_1_SearchUserWithPartialTextMatch -->
        <test-method signature="TestCase_2_VerifyUserCanAddPayGrades()[pri:0, instance:orangehrm_saf.TestNG_Test@942a29c]" started-at="2023-04-09T16:12:04 BDT" name="TestCase_2_VerifyUserCanAddPayGrades" finished-at="2023-04-09T16:12:27 BDT" duration-ms="23313" status="PASS">
          <reporter-output>
          </reporter-output>
        </test-method> <!-- TestCase_2_VerifyUserCanAddPayGrades -->
      </class> <!-- orangehrm_saf.TestNG_Test -->
    </test> <!-- Default test -->
  </suite> <!-- Default suite -->
</testng-results>
