<?xml version="1.0" encoding="UTF-8"?>
<!-- Generated by org.testng.reporters.JUnitXMLReporter -->
<testsuite ignored="0" hostname="DESKTOP-6A3CF71" failures="0" tests="2" name="Default test" time="41.433" errors="0" timestamp="2023-04-09T16:12:27 BDT">
  <testcase classname="orangehrm_saf.TestNG_Test" name="TestCase_1_SearchUserWithPartialTextMatch" time="17.953"/>
  <testcase classname="orangehrm_saf.TestNG_Test" name="TestCase_2_VerifyUserCanAddPayGrades" time="23.313"/>
</testsuite> <!-- Default test -->
